
 PROD cod corto   2959 cod qad  2959 


 PROD cod corto   2959 cod qad  2959 


 PROD cod corto   2959 cod qad  2959 


 PROD cod corto   2959 cod qad  2959 


 PROD cod corto   2959 cod qad  2959 


 PROD cod corto   2959 cod qad  2959 


 PROD cod corto   2996 cod qad  2996 


 PROD cod corto   2996 cod qad  2996 


 PROD cod corto   2996 cod qad  2996 


 PROD cod corto   2996 cod qad  2996 


 PROD cod corto   2996 cod qad  2996 


 PROD cod corto   2996 cod qad  2996 


 PROD cod corto   3851 cod qad  3851 


 PROD cod corto   3851 cod qad  3851 


 PROD cod corto   3851 cod qad  3851 


 PROD cod corto   3851 cod qad  3851 


 PROD cod corto   3851 cod qad  3851 


 PROD cod corto   3851 cod qad  3851 


 PROD cod corto   3857 cod qad  3857 


 PROD cod corto   3857 cod qad  3857 


 PROD cod corto   3857 cod qad  3857 


 PROD cod corto   3857 cod qad  3857 


 PROD cod corto   3857 cod qad  3857 


 PROD cod corto   3857 cod qad  3857 


 PROD cod corto   3858 cod qad  3858 


 PROD cod corto   3858 cod qad  3858 


 PROD cod corto   3858 cod qad  3858 


 PROD cod corto   3858 cod qad  3858 


 PROD cod corto   3858 cod qad  3858 


 PROD cod corto   3858 cod qad  3858 


 PROD cod corto   4665 cod qad  4665 


 PROD cod corto   4665 cod qad  4665 


 PROD cod corto   4665 cod qad  4665 


 PROD cod corto   4665 cod qad  4665 


 PROD cod corto   4665 cod qad  4665 


 PROD cod corto   4665 cod qad  4665 


 PROD cod corto   4789 cod qad  4789 


 PROD cod corto   4789 cod qad  4789 


 PROD cod corto   4789 cod qad  4789 


 PROD cod corto   4789 cod qad  4789 


 PROD cod corto   4789 cod qad  4789 


 PROD cod corto   4789 cod qad  4789 


 PROD cod corto   4789 cod qad  4789 


 PROD cod corto   4789 cod qad  4789 


 PROD cod corto   4789 cod qad  4789 


 PROD cod corto   4789 cod qad  4789 


 PROD cod corto   4789 cod qad  4789 


 PROD cod corto   4789 cod qad  4789 


 PROD cod corto   4790 cod qad  4790 


 PROD cod corto   4790 cod qad  4790 


 PROD cod corto   4790 cod qad  4790 


 PROD cod corto   4790 cod qad  4790 


 PROD cod corto   4790 cod qad  4790 


 PROD cod corto   4790 cod qad  4790 


 PROD cod corto   4791 cod qad  4791 


 PROD cod corto   4791 cod qad  4791 


 PROD cod corto   4791 cod qad  4791 


 PROD cod corto   4791 cod qad  4791 


 PROD cod corto   4791 cod qad  4791 


 PROD cod corto   4791 cod qad  4791 


 PROD cod corto   4793 cod qad  4793 


 PROD cod corto   4793 cod qad  4793 


 PROD cod corto   4793 cod qad  4793 


 PROD cod corto   4793 cod qad  4793 


 PROD cod corto   4793 cod qad  4793 


 PROD cod corto   4793 cod qad  4793 


 PROD cod corto   4794 cod qad  4794 


 PROD cod corto   4794 cod qad  4794 


 PROD cod corto   4794 cod qad  4794 


 PROD cod corto   4794 cod qad  4794 


 PROD cod corto   4794 cod qad  4794 


 PROD cod corto   4794 cod qad  4794 


 PROD cod corto   4798 cod qad  4798 


 PROD cod corto   4798 cod qad  4798 


 PROD cod corto   4798 cod qad  4798 


 PROD cod corto   4798 cod qad  4798 


 PROD cod corto   4798 cod qad  4798 


 PROD cod corto   4798 cod qad  4798 


 PROD cod corto   4798 cod qad  4798 


 PROD cod corto   4798 cod qad  4798 


 PROD cod corto   4798 cod qad  4798 


 PROD cod corto   4798 cod qad  4798 


 PROD cod corto   4798 cod qad  4798 


 PROD cod corto   4798 cod qad  4798 


 PROD cod corto   4799 cod qad  4799 


 PROD cod corto   4799 cod qad  4799 


 PROD cod corto   4799 cod qad  4799 


 PROD cod corto   4799 cod qad  4799 


 PROD cod corto   4799 cod qad  4799 


 PROD cod corto   4799 cod qad  4799 


 PROD cod corto   4806 cod qad  4806 


 PROD cod corto   4806 cod qad  4806 


 PROD cod corto   4806 cod qad  4806 


 PROD cod corto   4806 cod qad  4806 


 PROD cod corto   4806 cod qad  4806 


 PROD cod corto   4806 cod qad  4806 


 PROD cod corto   4806 cod qad  4806 


 PROD cod corto   4806 cod qad  4806 


 PROD cod corto   4806 cod qad  4806 


 PROD cod corto   4806 cod qad  4806 


 PROD cod corto   4806 cod qad  4806 


 PROD cod corto   4806 cod qad  4806 


 PROD cod corto   4807 cod qad  4807 


 PROD cod corto   4807 cod qad  4807 


 PROD cod corto   4807 cod qad  4807 


 PROD cod corto   4807 cod qad  4807 


 PROD cod corto   4807 cod qad  4807 


 PROD cod corto   4807 cod qad  4807 


 PROD cod corto   4809 cod qad  4809 


 PROD cod corto   4809 cod qad  4809 


 PROD cod corto   4809 cod qad  4809 


 PROD cod corto   4809 cod qad  4809 


 PROD cod corto   4809 cod qad  4809 


 PROD cod corto   4809 cod qad  4809 


 PROD cod corto   4811 cod qad  4811 


 PROD cod corto   4811 cod qad  4811 


 PROD cod corto   4811 cod qad  4811 


 PROD cod corto   4811 cod qad  4811 


 PROD cod corto   4811 cod qad  4811 


 PROD cod corto   4811 cod qad  4811 


 PROD cod corto   4814 cod qad  4814 


 PROD cod corto   4814 cod qad  4814 


 PROD cod corto   4814 cod qad  4814 


 PROD cod corto   4814 cod qad  4814 


 PROD cod corto   4814 cod qad  4814 


 PROD cod corto   4814 cod qad  4814 


 PROD cod corto   4814 cod qad  4814 


 PROD cod corto   4814 cod qad  4814 


 PROD cod corto   4814 cod qad  4814 


 PROD cod corto   4814 cod qad  4814 


 PROD cod corto   4814 cod qad  4814 


 PROD cod corto   4814 cod qad  4814 


 PROD cod corto   4817 cod qad  4817 


 PROD cod corto   4817 cod qad  4817 


 PROD cod corto   4817 cod qad  4817 


 PROD cod corto   4817 cod qad  4817 


 PROD cod corto   4817 cod qad  4817 


 PROD cod corto   4817 cod qad  4817 


 PROD cod corto   4817 cod qad  4817 


 PROD cod corto   4817 cod qad  4817 


 PROD cod corto   4817 cod qad  4817 


 PROD cod corto   4817 cod qad  4817 


 PROD cod corto   4817 cod qad  4817 


 PROD cod corto   4817 cod qad  4817 


 PROD cod corto   4824 cod qad  4824 


 PROD cod corto   4824 cod qad  4824 


 PROD cod corto   4824 cod qad  4824 


 PROD cod corto   4824 cod qad  4824 


 PROD cod corto   4824 cod qad  4824 


 PROD cod corto   4824 cod qad  4824 


 PROD cod corto   4826 cod qad  4826 


 PROD cod corto   4826 cod qad  4826 


 PROD cod corto   4826 cod qad  4826 


 PROD cod corto   4826 cod qad  4826 


 PROD cod corto   4826 cod qad  4826 


 PROD cod corto   4826 cod qad  4826 


 PROD cod corto   4827 cod qad  4827 


 PROD cod corto   4827 cod qad  4827 


 PROD cod corto   4827 cod qad  4827 


 PROD cod corto   4827 cod qad  4827 


 PROD cod corto   4827 cod qad  4827 


 PROD cod corto   4827 cod qad  4827 


 PROD cod corto   4828 cod qad  4828 


 PROD cod corto   4828 cod qad  4828 


 PROD cod corto   4828 cod qad  4828 


 PROD cod corto   4828 cod qad  4828 


 PROD cod corto   4828 cod qad  4828 


 PROD cod corto   4828 cod qad  4828 


 PROD cod corto   4829 cod qad  4829 


 PROD cod corto   4829 cod qad  4829 


 PROD cod corto   4829 cod qad  4829 


 PROD cod corto   4829 cod qad  4829 


 PROD cod corto   4829 cod qad  4829 


 PROD cod corto   4829 cod qad  4829 


 PROD cod corto   4833 cod qad  4833 


 PROD cod corto   4833 cod qad  4833 


 PROD cod corto   4833 cod qad  4833 


 PROD cod corto   4833 cod qad  4833 


 PROD cod corto   4833 cod qad  4833 


 PROD cod corto   4833 cod qad  4833 


 PROD cod corto   4834 cod qad  4834 


 PROD cod corto   4834 cod qad  4834 


 PROD cod corto   4834 cod qad  4834 


 PROD cod corto   4834 cod qad  4834 


 PROD cod corto   4834 cod qad  4834 


 PROD cod corto   4834 cod qad  4834 


 PROD cod corto   4839 cod qad  4839 


 PROD cod corto   4839 cod qad  4839 


 PROD cod corto   4839 cod qad  4839 


 PROD cod corto   4839 cod qad  4839 


 PROD cod corto   4839 cod qad  4839 


 PROD cod corto   4839 cod qad  4839 


 PROD cod corto   4842 cod qad  4842 


 PROD cod corto   4842 cod qad  4842 


 PROD cod corto   4842 cod qad  4842 


 PROD cod corto   4842 cod qad  4842 


 PROD cod corto   4842 cod qad  4842 


 PROD cod corto   4842 cod qad  4842 


 PROD cod corto   4844 cod qad  4844 


 PROD cod corto   4844 cod qad  4844 


 PROD cod corto   4844 cod qad  4844 


 PROD cod corto   4844 cod qad  4844 


 PROD cod corto   4844 cod qad  4844 


 PROD cod corto   4844 cod qad  4844 


 PROD cod corto   4847 cod qad  4847 


 PROD cod corto   4847 cod qad  4847 


 PROD cod corto   4847 cod qad  4847 


 PROD cod corto   4847 cod qad  4847 


 PROD cod corto   4847 cod qad  4847 


 PROD cod corto   4847 cod qad  4847 


 PROD cod corto   4848 cod qad  4848 


 PROD cod corto   4848 cod qad  4848 


 PROD cod corto   4848 cod qad  4848 


 PROD cod corto   4848 cod qad  4848 


 PROD cod corto   4848 cod qad  4848 


 PROD cod corto   4848 cod qad  4848 


 PROD cod corto   4850 cod qad  4850 


 PROD cod corto   4850 cod qad  4850 


 PROD cod corto   4850 cod qad  4850 


 PROD cod corto   4850 cod qad  4850 


 PROD cod corto   4850 cod qad  4850 


 PROD cod corto   4850 cod qad  4850 


 PROD cod corto   4850 cod qad  4850 


 PROD cod corto   4850 cod qad  4850 


 PROD cod corto   4850 cod qad  4850 


 PROD cod corto   4850 cod qad  4850 


 PROD cod corto   4850 cod qad  4850 


 PROD cod corto   4850 cod qad  4850 


 PROD cod corto   4853 cod qad  4853 


 PROD cod corto   4853 cod qad  4853 


 PROD cod corto   4853 cod qad  4853 


 PROD cod corto   4853 cod qad  4853 


 PROD cod corto   4853 cod qad  4853 


 PROD cod corto   4853 cod qad  4853 


 PROD cod corto   4854 cod qad  4854 


 PROD cod corto   4854 cod qad  4854 


 PROD cod corto   4854 cod qad  4854 


 PROD cod corto   4854 cod qad  4854 


 PROD cod corto   4854 cod qad  4854 


 PROD cod corto   4854 cod qad  4854 


 PROD cod corto   4855 cod qad  4855 


 PROD cod corto   4855 cod qad  4855 


 PROD cod corto   4855 cod qad  4855 


 PROD cod corto   4855 cod qad  4855 


 PROD cod corto   4855 cod qad  4855 


 PROD cod corto   4855 cod qad  4855 


 PROD cod corto   4855 cod qad  4855 


 PROD cod corto   4855 cod qad  4855 


 PROD cod corto   4855 cod qad  4855 


 PROD cod corto   4855 cod qad  4855 


 PROD cod corto   4855 cod qad  4855 


 PROD cod corto   4855 cod qad  4855 


 PROD cod corto   4859 cod qad  4859 


 PROD cod corto   4859 cod qad  4859 


 PROD cod corto   4859 cod qad  4859 


 PROD cod corto   4859 cod qad  4859 


 PROD cod corto   4859 cod qad  4859 


 PROD cod corto   4859 cod qad  4859 


 PROD cod corto   4860 cod qad  4860 


 PROD cod corto   4860 cod qad  4860 


 PROD cod corto   4860 cod qad  4860 


 PROD cod corto   4860 cod qad  4860 


 PROD cod corto   4860 cod qad  4860 


 PROD cod corto   4860 cod qad  4860 


 PROD cod corto   4860 cod qad  4860 


 PROD cod corto   4860 cod qad  4860 


 PROD cod corto   4860 cod qad  4860 


 PROD cod corto   4860 cod qad  4860 


 PROD cod corto   4860 cod qad  4860 


 PROD cod corto   4860 cod qad  4860 


 PROD cod corto   4862 cod qad  4862 


 PROD cod corto   4862 cod qad  4862 


 PROD cod corto   4862 cod qad  4862 


 PROD cod corto   4862 cod qad  4862 


 PROD cod corto   4862 cod qad  4862 


 PROD cod corto   4862 cod qad  4862 


 PROD cod corto   4863 cod qad  4863 


 PROD cod corto   4863 cod qad  4863 


 PROD cod corto   4863 cod qad  4863 


 PROD cod corto   4863 cod qad  4863 


 PROD cod corto   4863 cod qad  4863 


 PROD cod corto   4863 cod qad  4863 


 PROD cod corto   4865 cod qad  4865 


 PROD cod corto   4865 cod qad  4865 


 PROD cod corto   4865 cod qad  4865 


 PROD cod corto   4865 cod qad  4865 


 PROD cod corto   4865 cod qad  4865 


 PROD cod corto   4865 cod qad  4865 


 PROD cod corto   4866 cod qad  4866 


 PROD cod corto   4866 cod qad  4866 


 PROD cod corto   4866 cod qad  4866 


 PROD cod corto   4866 cod qad  4866 


 PROD cod corto   4866 cod qad  4866 


 PROD cod corto   4866 cod qad  4866 


 PROD cod corto   4866 cod qad  4866 


 PROD cod corto   4866 cod qad  4866 


 PROD cod corto   4866 cod qad  4866 


 PROD cod corto   4866 cod qad  4866 


 PROD cod corto   4866 cod qad  4866 


 PROD cod corto   4866 cod qad  4866 


 PROD cod corto   4867 cod qad  4867 


 PROD cod corto   4867 cod qad  4867 


 PROD cod corto   4867 cod qad  4867 


 PROD cod corto   4867 cod qad  4867 


 PROD cod corto   4867 cod qad  4867 


 PROD cod corto   4867 cod qad  4867 


 PROD cod corto   4868 cod qad  4868 


 PROD cod corto   4868 cod qad  4868 


 PROD cod corto   4868 cod qad  4868 


 PROD cod corto   4868 cod qad  4868 


 PROD cod corto   4868 cod qad  4868 


 PROD cod corto   4868 cod qad  4868 


 PROD cod corto   4868 cod qad  4868 


 PROD cod corto   4868 cod qad  4868 


 PROD cod corto   4868 cod qad  4868 


 PROD cod corto   4868 cod qad  4868 


 PROD cod corto   4868 cod qad  4868 


 PROD cod corto   4868 cod qad  4868 


 PROD cod corto   4869 cod qad  4869 


 PROD cod corto   4869 cod qad  4869 


 PROD cod corto   4869 cod qad  4869 


 PROD cod corto   4869 cod qad  4869 


 PROD cod corto   4869 cod qad  4869 


 PROD cod corto   4869 cod qad  4869 


 PROD cod corto   4869 cod qad  4869 


 PROD cod corto   4869 cod qad  4869 


 PROD cod corto   4869 cod qad  4869 


 PROD cod corto   4869 cod qad  4869 


 PROD cod corto   4869 cod qad  4869 


 PROD cod corto   4869 cod qad  4869 


 PROD cod corto   4870 cod qad  4870 


 PROD cod corto   4870 cod qad  4870 


 PROD cod corto   4870 cod qad  4870 


 PROD cod corto   4870 cod qad  4870 


 PROD cod corto   4870 cod qad  4870 


 PROD cod corto   4870 cod qad  4870 


 PROD cod corto   4870 cod qad  4870 


 PROD cod corto   4870 cod qad  4870 


 PROD cod corto   4870 cod qad  4870 


 PROD cod corto   4870 cod qad  4870 


 PROD cod corto   4870 cod qad  4870 


 PROD cod corto   4870 cod qad  4870 


 PROD cod corto   4872 cod qad  4872 


 PROD cod corto   4872 cod qad  4872 


 PROD cod corto   4872 cod qad  4872 


 PROD cod corto   4872 cod qad  4872 


 PROD cod corto   4872 cod qad  4872 


 PROD cod corto   4872 cod qad  4872 


 PROD cod corto   4873 cod qad  4873 


 PROD cod corto   4873 cod qad  4873 


 PROD cod corto   4873 cod qad  4873 


 PROD cod corto   4873 cod qad  4873 


 PROD cod corto   4873 cod qad  4873 


 PROD cod corto   4873 cod qad  4873 


 PROD cod corto   4873 cod qad  4873 


 PROD cod corto   4873 cod qad  4873 


 PROD cod corto   4873 cod qad  4873 


 PROD cod corto   4873 cod qad  4873 


 PROD cod corto   4873 cod qad  4873 


 PROD cod corto   4873 cod qad  4873 


 PROD cod corto   4874 cod qad  4874 


 PROD cod corto   4874 cod qad  4874 


 PROD cod corto   4874 cod qad  4874 


 PROD cod corto   4874 cod qad  4874 


 PROD cod corto   4874 cod qad  4874 


 PROD cod corto   4874 cod qad  4874 


 PROD cod corto   4878 cod qad  4878 


 PROD cod corto   4878 cod qad  4878 


 PROD cod corto   4878 cod qad  4878 


 PROD cod corto   4878 cod qad  4878 


 PROD cod corto   4878 cod qad  4878 


 PROD cod corto   4878 cod qad  4878 


 PROD cod corto   4878 cod qad  4878 


 PROD cod corto   4878 cod qad  4878 


 PROD cod corto   4878 cod qad  4878 


 PROD cod corto   4878 cod qad  4878 


 PROD cod corto   4878 cod qad  4878 


 PROD cod corto   4878 cod qad  4878 


 PROD cod corto   4879 cod qad  4879 


 PROD cod corto   4879 cod qad  4879 


 PROD cod corto   4879 cod qad  4879 


 PROD cod corto   4879 cod qad  4879 


 PROD cod corto   4879 cod qad  4879 


 PROD cod corto   4879 cod qad  4879 


 PROD cod corto   4880 cod qad  4880 


 PROD cod corto   4880 cod qad  4880 


 PROD cod corto   4880 cod qad  4880 


 PROD cod corto   4880 cod qad  4880 


 PROD cod corto   4880 cod qad  4880 


 PROD cod corto   4880 cod qad  4880 


 PROD cod corto   4887 cod qad  4887 


 PROD cod corto   4887 cod qad  4887 


 PROD cod corto   4887 cod qad  4887 


 PROD cod corto   4887 cod qad  4887 


 PROD cod corto   4887 cod qad  4887 


 PROD cod corto   4887 cod qad  4887 


 PROD cod corto   4887 cod qad  4887 


 PROD cod corto   4887 cod qad  4887 


 PROD cod corto   4887 cod qad  4887 


 PROD cod corto   4887 cod qad  4887 


 PROD cod corto   4887 cod qad  4887 


 PROD cod corto   4887 cod qad  4887 


 PROD cod corto   4888 cod qad  4888 


 PROD cod corto   4888 cod qad  4888 


 PROD cod corto   4888 cod qad  4888 


 PROD cod corto   4888 cod qad  4888 


 PROD cod corto   4888 cod qad  4888 


 PROD cod corto   4888 cod qad  4888 


 PROD cod corto   4889 cod qad  4889 


 PROD cod corto   4889 cod qad  4889 


 PROD cod corto   4889 cod qad  4889 


 PROD cod corto   4889 cod qad  4889 


 PROD cod corto   4889 cod qad  4889 


 PROD cod corto   4889 cod qad  4889 


 PROD cod corto   4889 cod qad  4889 


 PROD cod corto   4889 cod qad  4889 


 PROD cod corto   4889 cod qad  4889 


 PROD cod corto   4889 cod qad  4889 


 PROD cod corto   4889 cod qad  4889 


 PROD cod corto   4889 cod qad  4889 


 PROD cod corto   4890 cod qad  4890 


 PROD cod corto   4890 cod qad  4890 


 PROD cod corto   4890 cod qad  4890 


 PROD cod corto   4890 cod qad  4890 


 PROD cod corto   4890 cod qad  4890 


 PROD cod corto   4890 cod qad  4890 


 PROD cod corto   4891 cod qad  4891 


 PROD cod corto   4891 cod qad  4891 


 PROD cod corto   4891 cod qad  4891 


 PROD cod corto   4891 cod qad  4891 


 PROD cod corto   4891 cod qad  4891 


 PROD cod corto   4891 cod qad  4891 


 PROD cod corto   4903 cod qad  4903 


 PROD cod corto   4903 cod qad  4903 


 PROD cod corto   4903 cod qad  4903 


 PROD cod corto   4903 cod qad  4903 


 PROD cod corto   4903 cod qad  4903 


 PROD cod corto   4903 cod qad  4903 


 PROD cod corto   4909 cod qad  4909 


 PROD cod corto   4909 cod qad  4909 


 PROD cod corto   4909 cod qad  4909 


 PROD cod corto   4909 cod qad  4909 


 PROD cod corto   4909 cod qad  4909 


 PROD cod corto   4909 cod qad  4909 


 PROD cod corto   4917 cod qad  4917 


 PROD cod corto   4917 cod qad  4917 


 PROD cod corto   4917 cod qad  4917 


 PROD cod corto   4917 cod qad  4917 


 PROD cod corto   4917 cod qad  4917 


 PROD cod corto   4917 cod qad  4917 


 PROD cod corto   4917 cod qad  4917 


 PROD cod corto   4917 cod qad  4917 


 PROD cod corto   4917 cod qad  4917 


 PROD cod corto   4917 cod qad  4917 


 PROD cod corto   4917 cod qad  4917 


 PROD cod corto   4917 cod qad  4917 


 PROD cod corto   4918 cod qad  4918 


 PROD cod corto   4918 cod qad  4918 


 PROD cod corto   4918 cod qad  4918 


 PROD cod corto   4918 cod qad  4918 


 PROD cod corto   4918 cod qad  4918 


 PROD cod corto   4918 cod qad  4918 


 PROD cod corto   4918 cod qad  4918 


 PROD cod corto   4918 cod qad  4918 


 PROD cod corto   4918 cod qad  4918 


 PROD cod corto   4918 cod qad  4918 


 PROD cod corto   4918 cod qad  4918 


 PROD cod corto   4918 cod qad  4918 


 PROD cod corto   4919 cod qad  4919 


 PROD cod corto   4919 cod qad  4919 


 PROD cod corto   4919 cod qad  4919 


 PROD cod corto   4919 cod qad  4919 


 PROD cod corto   4919 cod qad  4919 


 PROD cod corto   4919 cod qad  4919 


 PROD cod corto   4919 cod qad  4919 


 PROD cod corto   4919 cod qad  4919 


 PROD cod corto   4919 cod qad  4919 


 PROD cod corto   4919 cod qad  4919 


 PROD cod corto   4919 cod qad  4919 


 PROD cod corto   4919 cod qad  4919 


 PROD cod corto   4923 cod qad  4923 


 PROD cod corto   4923 cod qad  4923 


 PROD cod corto   4923 cod qad  4923 


 PROD cod corto   4923 cod qad  4923 


 PROD cod corto   4923 cod qad  4923 


 PROD cod corto   4923 cod qad  4923 


 PROD cod corto   4923 cod qad  4923 


 PROD cod corto   4923 cod qad  4923 


 PROD cod corto   4923 cod qad  4923 


 PROD cod corto   4923 cod qad  4923 


 PROD cod corto   4923 cod qad  4923 


 PROD cod corto   4923 cod qad  4923 


 PROD cod corto   7659 cod qad  7659 


 PROD cod corto   7659 cod qad  7659 


 PROD cod corto   7659 cod qad  7659 


 PROD cod corto   7659 cod qad  7659 


 PROD cod corto   7659 cod qad  7659 


 PROD cod corto   7659 cod qad  7659 


 PROD cod corto   7660 cod qad  7660 


 PROD cod corto   7660 cod qad  7660 


 PROD cod corto   7660 cod qad  7660 


 PROD cod corto   7660 cod qad  7660 


 PROD cod corto   7660 cod qad  7660 


 PROD cod corto   7660 cod qad  7660 


 PROD cod corto   7663 cod qad  7663 


 PROD cod corto   7663 cod qad  7663 


 PROD cod corto   7663 cod qad  7663 


 PROD cod corto   7663 cod qad  7663 


 PROD cod corto   7663 cod qad  7663 


 PROD cod corto   7663 cod qad  7663 


 PROD cod corto   7663 cod qad  7663 


 PROD cod corto   7663 cod qad  7663 


 PROD cod corto   7663 cod qad  7663 


 PROD cod corto   7663 cod qad  7663 


 PROD cod corto   7663 cod qad  7663 


 PROD cod corto   7663 cod qad  7663 


 PROD cod corto   7664 cod qad  7664 


 PROD cod corto   7664 cod qad  7664 


 PROD cod corto   7664 cod qad  7664 


 PROD cod corto   7664 cod qad  7664 


 PROD cod corto   7664 cod qad  7664 


 PROD cod corto   7664 cod qad  7664 


 PROD cod corto   7664 cod qad  7664 


 PROD cod corto   7664 cod qad  7664 


 PROD cod corto   7664 cod qad  7664 


 PROD cod corto   7664 cod qad  7664 


 PROD cod corto   7664 cod qad  7664 


 PROD cod corto   7664 cod qad  7664 


 PROD cod corto   7665 cod qad  7665 


 PROD cod corto   7665 cod qad  7665 


 PROD cod corto   7665 cod qad  7665 


 PROD cod corto   7665 cod qad  7665 


 PROD cod corto   7665 cod qad  7665 


 PROD cod corto   7665 cod qad  7665 


 PROD cod corto   7665 cod qad  7665 


 PROD cod corto   7665 cod qad  7665 


 PROD cod corto   7665 cod qad  7665 


 PROD cod corto   7665 cod qad  7665 


 PROD cod corto   7665 cod qad  7665 


 PROD cod corto   7665 cod qad  7665 


 PROD cod corto   H074 cod qad  H074 


 PROD cod corto   H074 cod qad  H074 


 PROD cod corto   H074 cod qad  H074 


 PROD cod corto   H074 cod qad  H074 


 PROD cod corto   H074 cod qad  H074 


 PROD cod corto   H074 cod qad  H074 


 PROD cod corto   H487 cod qad  H487 


 PROD cod corto   H487 cod qad  H487 


 PROD cod corto   H487 cod qad  H487 


 PROD cod corto   H487 cod qad  H487 


 PROD cod corto   H487 cod qad  H487 


 PROD cod corto   H487 cod qad  H487 


 PROD cod corto   H487 cod qad  H487 


 PROD cod corto   H487 cod qad  H487 


 PROD cod corto   H487 cod qad  H487 


 PROD cod corto   H487 cod qad  H487 


 PROD cod corto   H487 cod qad  H487 


 PROD cod corto   H487 cod qad  H487 


 PROD cod corto   H602 cod qad  H602 


 PROD cod corto   H602 cod qad  H602 


 PROD cod corto   H602 cod qad  H602 


 PROD cod corto   H602 cod qad  H602 


 PROD cod corto   H602 cod qad  H602 


 PROD cod corto   H602 cod qad  H602 


 PROD cod corto   H602 cod qad  h602 


 PROD cod corto   H602 cod qad  h602 


 PROD cod corto   H602 cod qad  h602 


 PROD cod corto   H602 cod qad  h602 


 PROD cod corto   H602 cod qad  h602 


 PROD cod corto   H602 cod qad  h602 


 PROD cod corto   H602 cod qad  h602 


 PROD cod corto   H929 cod qad  H929 


 PROD cod corto   H929 cod qad  H929 


 PROD cod corto   H929 cod qad  H929 


 PROD cod corto   H929 cod qad  H929 


 PROD cod corto   H929 cod qad  H929 


 PROD cod corto   H929 cod qad  H929 


 PROD cod corto   H929 cod qad  H929 


 PROD cod corto   H929 cod qad  H929 


 PROD cod corto   H929 cod qad  H929 


 PROD cod corto   H929 cod qad  H929 


 PROD cod corto   H929 cod qad  H929 


 PROD cod corto   H929 cod qad  H929 


 PROD cod corto   M298 cod qad  M298 


 PROD cod corto   M298 cod qad  M298 


 PROD cod corto   M298 cod qad  M298 


 PROD cod corto   M298 cod qad  M298 


 PROD cod corto   M298 cod qad  M298 


 PROD cod corto   M298 cod qad  M298 


 PROD cod corto   M373 cod qad  M373 


 PROD cod corto   M373 cod qad  M373 


 PROD cod corto   M373 cod qad  M373 


 PROD cod corto   M373 cod qad  M373 


 PROD cod corto   M373 cod qad  M373 


 PROD cod corto   M373 cod qad  M373 


 PROD cod corto   M410 cod qad  M410 


 PROD cod corto   M410 cod qad  M410 


 PROD cod corto   M410 cod qad  M410 


 PROD cod corto   M410 cod qad  M410 


 PROD cod corto   M410 cod qad  M410 


 PROD cod corto   M410 cod qad  M410 


 PROD cod corto   M574 cod qad  M574 


 PROD cod corto   M574 cod qad  M574 


 PROD cod corto   M574 cod qad  M574 


 PROD cod corto   M574 cod qad  M574 


 PROD cod corto   M574 cod qad  M574 


 PROD cod corto   M574 cod qad  M574 


 PROD cod corto   M574 cod qad  M574 


 PROD cod corto   M574 cod qad  M574 


 PROD cod corto   M574 cod qad  M574 


 PROD cod corto   M574 cod qad  M574 


 PROD cod corto   M574 cod qad  M574 


 PROD cod corto   M574 cod qad  M574 


 PROD cod corto   M579 cod qad  M579 


 PROD cod corto   M579 cod qad  M579 


 PROD cod corto   M579 cod qad  M579 


 PROD cod corto   M579 cod qad  M579 


 PROD cod corto   M579 cod qad  M579 


 PROD cod corto   M579 cod qad  M579 


 PROD cod corto   M579 cod qad  M579 


 PROD cod corto   M579 cod qad  M579 


 PROD cod corto   M579 cod qad  M579 


 PROD cod corto   M579 cod qad  M579 


 PROD cod corto   M579 cod qad  M579 


 PROD cod corto   M579 cod qad  M579 


 PROD cod corto   M581 cod qad  M581 


 PROD cod corto   M581 cod qad  M581 


 PROD cod corto   M581 cod qad  M581 


 PROD cod corto   M581 cod qad  M581 


 PROD cod corto   M581 cod qad  M581 


 PROD cod corto   M581 cod qad  M581 


 PROD cod corto   M582 cod qad  M582 


 PROD cod corto   M582 cod qad  M582 


 PROD cod corto   M582 cod qad  M582 


 PROD cod corto   M582 cod qad  M582 


 PROD cod corto   M582 cod qad  M582 


 PROD cod corto   M582 cod qad  M582 


 PROD cod corto   M582 cod qad  M582 


 PROD cod corto   M582 cod qad  M582 


 PROD cod corto   M582 cod qad  M582 


 PROD cod corto   M582 cod qad  M582 


 PROD cod corto   M582 cod qad  M582 


 PROD cod corto   M582 cod qad  M582 


 PROD cod corto   M583 cod qad  M583 


 PROD cod corto   M583 cod qad  M583 


 PROD cod corto   M583 cod qad  M583 


 PROD cod corto   M583 cod qad  M583 


 PROD cod corto   M583 cod qad  M583 


 PROD cod corto   M583 cod qad  M583 


 PROD cod corto   M583 cod qad  M583 


 PROD cod corto   M583 cod qad  M583 


 PROD cod corto   M583 cod qad  M583 


 PROD cod corto   M583 cod qad  M583 


 PROD cod corto   M583 cod qad  M583 


 PROD cod corto   M583 cod qad  M583 


 PROD cod corto   M600 cod qad  M600 


 PROD cod corto   M600 cod qad  M600 


 PROD cod corto   M600 cod qad  M600 


 PROD cod corto   M600 cod qad  M600 


 PROD cod corto   M600 cod qad  M600 


 PROD cod corto   M600 cod qad  M600 


 PROD cod corto   M600 cod qad  M600 


 PROD cod corto   M600 cod qad  M600 


 PROD cod corto   M600 cod qad  M600 


 PROD cod corto   M600 cod qad  M600 


 PROD cod corto   M600 cod qad  M600 


 PROD cod corto   M600 cod qad  M600 


 PROD cod corto   M602 cod qad  M602 


 PROD cod corto   M602 cod qad  M602 


 PROD cod corto   M602 cod qad  M602 


 PROD cod corto   M602 cod qad  M602 


 PROD cod corto   M602 cod qad  M602 


 PROD cod corto   M602 cod qad  M602 


 PROD cod corto   M602 cod qad  M602 


 PROD cod corto   M602 cod qad  M602 


 PROD cod corto   M602 cod qad  M602 


 PROD cod corto   M602 cod qad  M602 


 PROD cod corto   M602 cod qad  M602 


 PROD cod corto   M602 cod qad  M602 


 PROD cod corto   M605 cod qad  M605 


 PROD cod corto   M605 cod qad  M605 


 PROD cod corto   M605 cod qad  M605 


 PROD cod corto   M605 cod qad  M605 


 PROD cod corto   M605 cod qad  M605 


 PROD cod corto   M605 cod qad  M605 


 PROD cod corto   M606 cod qad  M606 


 PROD cod corto   M606 cod qad  M606 


 PROD cod corto   M606 cod qad  M606 


 PROD cod corto   M606 cod qad  M606 


 PROD cod corto   M606 cod qad  M606 


 PROD cod corto   M606 cod qad  M606 


 PROD cod corto   M606 cod qad  M606 


 PROD cod corto   M606 cod qad  M606 


 PROD cod corto   M606 cod qad  M606 


 PROD cod corto   M606 cod qad  M606 


 PROD cod corto   M606 cod qad  M606 


 PROD cod corto   M606 cod qad  M606 


 PROD cod corto   M613 cod qad  M613 


 PROD cod corto   M613 cod qad  M613 


 PROD cod corto   M613 cod qad  M613 


 PROD cod corto   M613 cod qad  M613 


 PROD cod corto   M613 cod qad  M613 


 PROD cod corto   M613 cod qad  M613 


 PROD cod corto   M615 cod qad  M615 


 PROD cod corto   M615 cod qad  M615 


 PROD cod corto   M615 cod qad  M615 


 PROD cod corto   M615 cod qad  M615 


 PROD cod corto   M615 cod qad  M615 


 PROD cod corto   M615 cod qad  M615 


 PROD cod corto   M615 cod qad  M615 


 PROD cod corto   M615 cod qad  M615 


 PROD cod corto   M615 cod qad  M615 


 PROD cod corto   M615 cod qad  M615 


 PROD cod corto   M615 cod qad  M615 


 PROD cod corto   M615 cod qad  M615 


 PROD cod corto   M616 cod qad  M616 


 PROD cod corto   M616 cod qad  M616 


 PROD cod corto   M616 cod qad  M616 


 PROD cod corto   M616 cod qad  M616 


 PROD cod corto   M616 cod qad  M616 


 PROD cod corto   M616 cod qad  M616 


 PROD cod corto   M616 cod qad  M616 


 PROD cod corto   M616 cod qad  M616 


 PROD cod corto   M616 cod qad  M616 


 PROD cod corto   M616 cod qad  M616 


 PROD cod corto   M616 cod qad  M616 


 PROD cod corto   M616 cod qad  M616 


 PROD cod corto   M618 cod qad  M618 


 PROD cod corto   M618 cod qad  M618 


 PROD cod corto   M618 cod qad  M618 


 PROD cod corto   M618 cod qad  M618 


 PROD cod corto   M618 cod qad  M618 


 PROD cod corto   M618 cod qad  M618 


 PROD cod corto   M618 cod qad  M618 


 PROD cod corto   M618 cod qad  M618 


 PROD cod corto   M618 cod qad  M618 


 PROD cod corto   M618 cod qad  M618 


 PROD cod corto   M618 cod qad  M618 


 PROD cod corto   M618 cod qad  M618 


 PROD cod corto   M619 cod qad  M619 


 PROD cod corto   M619 cod qad  M619 


 PROD cod corto   M619 cod qad  M619 


 PROD cod corto   M619 cod qad  M619 


 PROD cod corto   M619 cod qad  M619 


 PROD cod corto   M619 cod qad  M619 


 PROD cod corto   M623 cod qad  M623 


 PROD cod corto   M623 cod qad  M623 


 PROD cod corto   M623 cod qad  M623 


 PROD cod corto   M623 cod qad  M623 


 PROD cod corto   M623 cod qad  M623 


 PROD cod corto   M623 cod qad  M623 


 PROD cod corto   M623 cod qad  M623 


 PROD cod corto   M623 cod qad  M623 


 PROD cod corto   M623 cod qad  M623 


 PROD cod corto   M623 cod qad  M623 


 PROD cod corto   M623 cod qad  M623 


 PROD cod corto   M623 cod qad  M623 


 PROD cod corto   M628 cod qad  M628 


 PROD cod corto   M628 cod qad  M628 


 PROD cod corto   M628 cod qad  M628 


 PROD cod corto   M628 cod qad  M628 


 PROD cod corto   M628 cod qad  M628 


 PROD cod corto   M628 cod qad  M628 


 PROD cod corto   M630 cod qad  M630 


 PROD cod corto   M630 cod qad  M630 


 PROD cod corto   M630 cod qad  M630 


 PROD cod corto   M630 cod qad  M630 


 PROD cod corto   M630 cod qad  M630 


 PROD cod corto   M630 cod qad  M630 


 PROD cod corto   M631 cod qad  M631 


 PROD cod corto   M631 cod qad  M631 


 PROD cod corto   M631 cod qad  M631 


 PROD cod corto   M631 cod qad  M631 


 PROD cod corto   M631 cod qad  M631 


 PROD cod corto   M631 cod qad  M631 


 PROD cod corto   M637 cod qad  M637 


 PROD cod corto   M637 cod qad  M637 


 PROD cod corto   M637 cod qad  M637 


 PROD cod corto   M637 cod qad  M637 


 PROD cod corto   M637 cod qad  M637 


 PROD cod corto   M637 cod qad  M637 


 PROD cod corto   M638 cod qad  M638 


 PROD cod corto   M638 cod qad  M638 


 PROD cod corto   M638 cod qad  M638 


 PROD cod corto   M638 cod qad  M638 


 PROD cod corto   M638 cod qad  M638 


 PROD cod corto   M638 cod qad  M638 


 PROD cod corto   M638 cod qad  M638 


 PROD cod corto   M638 cod qad  M638 


 PROD cod corto   M638 cod qad  M638 


 PROD cod corto   M638 cod qad  M638 


 PROD cod corto   M638 cod qad  M638 


 PROD cod corto   M638 cod qad  M638 


 PROD cod corto   M639 cod qad  M639 


 PROD cod corto   M639 cod qad  M639 


 PROD cod corto   M639 cod qad  M639 


 PROD cod corto   M639 cod qad  M639 


 PROD cod corto   M639 cod qad  M639 


 PROD cod corto   M639 cod qad  M639 


 PROD cod corto   M639 cod qad  M639 


 PROD cod corto   M639 cod qad  M639 


 PROD cod corto   M639 cod qad  M639 


 PROD cod corto   M639 cod qad  M639 


 PROD cod corto   M639 cod qad  M639 


 PROD cod corto   M639 cod qad  M639 


 PROD cod corto   M641 cod qad  M641 


 PROD cod corto   M641 cod qad  M641 


 PROD cod corto   M641 cod qad  M641 


 PROD cod corto   M641 cod qad  M641 


 PROD cod corto   M641 cod qad  M641 


 PROD cod corto   M641 cod qad  M641 


 PROD cod corto   M642 cod qad  M642 


 PROD cod corto   M642 cod qad  M642 


 PROD cod corto   M642 cod qad  M642 


 PROD cod corto   M642 cod qad  M642 


 PROD cod corto   M642 cod qad  M642 


 PROD cod corto   M642 cod qad  M642 


 PROD cod corto   M642 cod qad  M642 


 PROD cod corto   M642 cod qad  M642 


 PROD cod corto   M642 cod qad  M642 


 PROD cod corto   M642 cod qad  M642 


 PROD cod corto   M642 cod qad  M642 


 PROD cod corto   M642 cod qad  M642 


 PROD cod corto   M643 cod qad  M643 


 PROD cod corto   M643 cod qad  M643 


 PROD cod corto   M643 cod qad  M643 


 PROD cod corto   M643 cod qad  M643 


 PROD cod corto   M643 cod qad  M643 


 PROD cod corto   M643 cod qad  M643 


 PROD cod corto   M643 cod qad  M643 


 PROD cod corto   M643 cod qad  M643 


 PROD cod corto   M643 cod qad  M643 


 PROD cod corto   M643 cod qad  M643 


 PROD cod corto   M643 cod qad  M643 


 PROD cod corto   M643 cod qad  M643 


 PROD cod corto   M647 cod qad  M647 


 PROD cod corto   M647 cod qad  M647 


 PROD cod corto   M647 cod qad  M647 


 PROD cod corto   M647 cod qad  M647 


 PROD cod corto   M647 cod qad  M647 


 PROD cod corto   M647 cod qad  M647 


 PROD cod corto   M648 cod qad  M648 


 PROD cod corto   M648 cod qad  M648 


 PROD cod corto   M648 cod qad  M648 


 PROD cod corto   M648 cod qad  M648 


 PROD cod corto   M648 cod qad  M648 


 PROD cod corto   M648 cod qad  M648 


 PROD cod corto   M648 cod qad  M648 


 PROD cod corto   M648 cod qad  M648 


 PROD cod corto   M648 cod qad  M648 


 PROD cod corto   M648 cod qad  M648 


 PROD cod corto   M648 cod qad  M648 


 PROD cod corto   M648 cod qad  M648 


 PROD cod corto   M651 cod qad  M651 


 PROD cod corto   M651 cod qad  M651 


 PROD cod corto   M651 cod qad  M651 


 PROD cod corto   M651 cod qad  M651 


 PROD cod corto   M651 cod qad  M651 


 PROD cod corto   M651 cod qad  M651 


 PROD cod corto   Q046 cod qad  Q046 


 PROD cod corto   Q046 cod qad  Q046 


 PROD cod corto   Q046 cod qad  Q046 


 PROD cod corto   Q046 cod qad  Q046 


 PROD cod corto   Q046 cod qad  Q046 


 PROD cod corto   Q046 cod qad  Q046 


 PROD cod corto   Q046 cod qad  Q046 


 PROD cod corto   Q046 cod qad  Q046 


 PROD cod corto   Q046 cod qad  Q046 


 PROD cod corto   Q046 cod qad  Q046 


 PROD cod corto   Q046 cod qad  Q046 


 PROD cod corto   Q046 cod qad  Q046 


 PROD cod corto   Q049 cod qad  Q049 


 PROD cod corto   Q049 cod qad  Q049 


 PROD cod corto   Q049 cod qad  Q049 


 PROD cod corto   Q049 cod qad  Q049 


 PROD cod corto   Q049 cod qad  Q049 


 PROD cod corto   Q049 cod qad  Q049 


 PROD cod corto   Q049 cod qad  Q049 


 PROD cod corto   Q049 cod qad  Q049 


 PROD cod corto   Q049 cod qad  Q049 


 PROD cod corto   Q049 cod qad  Q049 


 PROD cod corto   Q049 cod qad  Q049 


 PROD cod corto   Q049 cod qad  Q049 


 PROD cod corto   Q321 cod qad  Q321 


 PROD cod corto   Q321 cod qad  Q321 


 PROD cod corto   Q321 cod qad  Q321 


 PROD cod corto   Q321 cod qad  Q321 


 PROD cod corto   Q321 cod qad  Q321 


 PROD cod corto   Q321 cod qad  Q321 


 PROD cod corto   Q321 cod qad  Q321 


 PROD cod corto   Q321 cod qad  Q321 


 PROD cod corto   Q321 cod qad  Q321 


 PROD cod corto   Q321 cod qad  Q321 


 PROD cod corto   Q321 cod qad  Q321 


 PROD cod corto   Q321 cod qad  Q321 


 PROD cod corto   Q323 cod qad  Q323 


 PROD cod corto   Q323 cod qad  Q323 


 PROD cod corto   Q323 cod qad  Q323 


 PROD cod corto   Q323 cod qad  Q323 


 PROD cod corto   Q323 cod qad  Q323 


 PROD cod corto   Q323 cod qad  Q323 


 PROD cod corto   Q323 cod qad  Q323 


 PROD cod corto   Q323 cod qad  Q323 


 PROD cod corto   Q323 cod qad  Q323 


 PROD cod corto   Q323 cod qad  Q323 


 PROD cod corto   Q323 cod qad  Q323 


 PROD cod corto   Q323 cod qad  Q323 


 PROD cod corto   Q324 cod qad  Q324 


 PROD cod corto   Q324 cod qad  Q324 


 PROD cod corto   Q324 cod qad  Q324 


 PROD cod corto   Q324 cod qad  Q324 


 PROD cod corto   Q324 cod qad  Q324 


 PROD cod corto   Q324 cod qad  Q324 


 PROD cod corto   Q324 cod qad  Q324 


 PROD cod corto   Q324 cod qad  Q324 


 PROD cod corto   Q324 cod qad  Q324 


 PROD cod corto   Q324 cod qad  Q324 


 PROD cod corto   Q324 cod qad  Q324 


 PROD cod corto   Q324 cod qad  Q324 


 PROD cod corto   Q325 cod qad  Q325 


 PROD cod corto   Q325 cod qad  Q325 


 PROD cod corto   Q325 cod qad  Q325 


 PROD cod corto   Q325 cod qad  Q325 


 PROD cod corto   Q325 cod qad  Q325 


 PROD cod corto   Q325 cod qad  Q325 


 PROD cod corto   Q326 cod qad  Q326 


 PROD cod corto   Q326 cod qad  Q326 


 PROD cod corto   Q326 cod qad  Q326 


 PROD cod corto   Q326 cod qad  Q326 


 PROD cod corto   Q326 cod qad  Q326 


 PROD cod corto   Q326 cod qad  Q326 


 PROD cod corto   Q326 cod qad  Q326 


 PROD cod corto   Q326 cod qad  Q326 


 PROD cod corto   Q326 cod qad  Q326 


 PROD cod corto   Q326 cod qad  Q326 


 PROD cod corto   Q326 cod qad  Q326 


 PROD cod corto   Q326 cod qad  Q326 


 PROD cod corto   Q327 cod qad  Q327 


 PROD cod corto   Q327 cod qad  Q327 


 PROD cod corto   Q327 cod qad  Q327 


 PROD cod corto   Q327 cod qad  Q327 


 PROD cod corto   Q327 cod qad  Q327 


 PROD cod corto   Q327 cod qad  Q327 


 PROD cod corto   Q327 cod qad  Q327 


 PROD cod corto   Q327 cod qad  Q327 


 PROD cod corto   Q327 cod qad  Q327 


 PROD cod corto   Q327 cod qad  Q327 


 PROD cod corto   Q327 cod qad  Q327 


 PROD cod corto   Q327 cod qad  Q327 


 PROD cod corto   Q328 cod qad  Q328 


 PROD cod corto   Q328 cod qad  Q328 


 PROD cod corto   Q328 cod qad  Q328 


 PROD cod corto   Q328 cod qad  Q328 


 PROD cod corto   Q328 cod qad  Q328 


 PROD cod corto   Q328 cod qad  Q328 


 PROD cod corto   Q328 cod qad  Q328 


 PROD cod corto   Q328 cod qad  Q328 


 PROD cod corto   Q328 cod qad  Q328 


 PROD cod corto   Q328 cod qad  Q328 


 PROD cod corto   Q328 cod qad  Q328 


 PROD cod corto   Q328 cod qad  Q328 


 PROD cod corto   Q329 cod qad  Q329 


 PROD cod corto   Q329 cod qad  Q329 


 PROD cod corto   Q329 cod qad  Q329 


 PROD cod corto   Q329 cod qad  Q329 


 PROD cod corto   Q329 cod qad  Q329 


 PROD cod corto   Q329 cod qad  Q329 


 PROD cod corto   Q330 cod qad  Q330 


 PROD cod corto   Q330 cod qad  Q330 


 PROD cod corto   Q330 cod qad  Q330 


 PROD cod corto   Q330 cod qad  Q330 


 PROD cod corto   Q330 cod qad  Q330 


 PROD cod corto   Q330 cod qad  Q330 


 PROD cod corto   Q331 cod qad  Q331 


 PROD cod corto   Q331 cod qad  Q331 


 PROD cod corto   Q331 cod qad  Q331 


 PROD cod corto   Q331 cod qad  Q331 


 PROD cod corto   Q331 cod qad  Q331 


 PROD cod corto   Q331 cod qad  Q331 


 PROD cod corto   Q331 cod qad  Q331 


 PROD cod corto   Q331 cod qad  Q331 


 PROD cod corto   Q331 cod qad  Q331 


 PROD cod corto   Q331 cod qad  Q331 


 PROD cod corto   Q331 cod qad  Q331 


 PROD cod corto   Q331 cod qad  Q331 


 PROD cod corto   Q332 cod qad  Q332 


 PROD cod corto   Q332 cod qad  Q332 


 PROD cod corto   Q332 cod qad  Q332 


 PROD cod corto   Q332 cod qad  Q332 


 PROD cod corto   Q332 cod qad  Q332 


 PROD cod corto   Q332 cod qad  Q332 


 PROD cod corto   Q332 cod qad  Q332 


 PROD cod corto   Q332 cod qad  Q332 


 PROD cod corto   Q332 cod qad  Q332 


 PROD cod corto   Q332 cod qad  Q332 


 PROD cod corto   Q332 cod qad  Q332 


 PROD cod corto   Q332 cod qad  Q332 


 PROD cod corto   Q333 cod qad  Q333 


 PROD cod corto   Q333 cod qad  Q333 


 PROD cod corto   Q333 cod qad  Q333 


 PROD cod corto   Q333 cod qad  Q333 


 PROD cod corto   Q333 cod qad  Q333 


 PROD cod corto   Q333 cod qad  Q333 


 PROD cod corto   Q333 cod qad  Q333 


 PROD cod corto   Q333 cod qad  Q333 


 PROD cod corto   Q333 cod qad  Q333 


 PROD cod corto   Q333 cod qad  Q333 


 PROD cod corto   Q333 cod qad  Q333 


 PROD cod corto   Q333 cod qad  Q333 


 PROD cod corto   Q335 cod qad  Q335 


 PROD cod corto   Q335 cod qad  Q335 


 PROD cod corto   Q335 cod qad  Q335 


 PROD cod corto   Q335 cod qad  Q335 


 PROD cod corto   Q335 cod qad  Q335 


 PROD cod corto   Q335 cod qad  Q335 


 PROD cod corto   Q335 cod qad  Q335 


 PROD cod corto   Q335 cod qad  Q335 


 PROD cod corto   Q335 cod qad  Q335 


 PROD cod corto   Q335 cod qad  Q335 


 PROD cod corto   Q335 cod qad  Q335 


 PROD cod corto   Q335 cod qad  Q335 


 PROD cod corto   Q336 cod qad  Q336 


 PROD cod corto   Q336 cod qad  Q336 


 PROD cod corto   Q336 cod qad  Q336 


 PROD cod corto   Q336 cod qad  Q336 


 PROD cod corto   Q336 cod qad  Q336 


 PROD cod corto   Q336 cod qad  Q336 


 PROD cod corto   Q336 cod qad  Q336 


 PROD cod corto   Q336 cod qad  Q336 


 PROD cod corto   Q336 cod qad  Q336 


 PROD cod corto   Q336 cod qad  Q336 


 PROD cod corto   Q336 cod qad  Q336 


 PROD cod corto   Q336 cod qad  Q336 


 PROD cod corto   Q337 cod qad  Q337 


 PROD cod corto   Q337 cod qad  Q337 


 PROD cod corto   Q337 cod qad  Q337 


 PROD cod corto   Q337 cod qad  Q337 


 PROD cod corto   Q337 cod qad  Q337 


 PROD cod corto   Q337 cod qad  Q337 


 PROD cod corto   Q337 cod qad  Q337 


 PROD cod corto   Q337 cod qad  Q337 


 PROD cod corto   Q337 cod qad  Q337 


 PROD cod corto   Q337 cod qad  Q337 


 PROD cod corto   Q337 cod qad  Q337 


 PROD cod corto   Q337 cod qad  Q337 


 PROD cod corto   Q338 cod qad  Q338 


 PROD cod corto   Q338 cod qad  Q338 


 PROD cod corto   Q338 cod qad  Q338 


 PROD cod corto   Q338 cod qad  Q338 


 PROD cod corto   Q338 cod qad  Q338 


 PROD cod corto   Q338 cod qad  Q338 


 PROD cod corto   Q338 cod qad  Q338 


 PROD cod corto   Q338 cod qad  Q338 


 PROD cod corto   Q338 cod qad  Q338 


 PROD cod corto   Q338 cod qad  Q338 


 PROD cod corto   Q338 cod qad  Q338 


 PROD cod corto   Q338 cod qad  Q338 


 PROD cod corto   Q339 cod qad  Q339 


 PROD cod corto   Q339 cod qad  Q339 


 PROD cod corto   Q339 cod qad  Q339 


 PROD cod corto   Q339 cod qad  Q339 


 PROD cod corto   Q339 cod qad  Q339 


 PROD cod corto   Q339 cod qad  Q339 


 PROD cod corto   Q339 cod qad  Q339 


 PROD cod corto   Q339 cod qad  Q339 


 PROD cod corto   Q339 cod qad  Q339 


 PROD cod corto   Q339 cod qad  Q339 


 PROD cod corto   Q339 cod qad  Q339 


 PROD cod corto   Q339 cod qad  Q339 


 PROD cod corto   Q340 cod qad  Q340 


 PROD cod corto   Q340 cod qad  Q340 


 PROD cod corto   Q340 cod qad  Q340 


 PROD cod corto   Q340 cod qad  Q340 


 PROD cod corto   Q340 cod qad  Q340 


 PROD cod corto   Q340 cod qad  Q340 


 PROD cod corto   Q341 cod qad  Q341 


 PROD cod corto   Q341 cod qad  Q341 


 PROD cod corto   Q341 cod qad  Q341 


 PROD cod corto   Q341 cod qad  Q341 


 PROD cod corto   Q341 cod qad  Q341 


 PROD cod corto   Q341 cod qad  Q341 


 PROD cod corto   Q342 cod qad  Q342 


 PROD cod corto   Q342 cod qad  Q342 


 PROD cod corto   Q342 cod qad  Q342 


 PROD cod corto   Q342 cod qad  Q342 


 PROD cod corto   Q342 cod qad  Q342 


 PROD cod corto   Q342 cod qad  Q342 


 PROD cod corto   Q343 cod qad  Q343 


 PROD cod corto   Q343 cod qad  Q343 


 PROD cod corto   Q343 cod qad  Q343 


 PROD cod corto   Q343 cod qad  Q343 


 PROD cod corto   Q343 cod qad  Q343 


 PROD cod corto   Q343 cod qad  Q343 


 PROD cod corto   Q343 cod qad  Q343 


 PROD cod corto   Q343 cod qad  Q343 


 PROD cod corto   Q343 cod qad  Q343 


 PROD cod corto   Q343 cod qad  Q343 


 PROD cod corto   Q343 cod qad  Q343 


 PROD cod corto   Q343 cod qad  Q343 


 PROD cod corto   Q344 cod qad  Q344 


 PROD cod corto   Q344 cod qad  Q344 


 PROD cod corto   Q344 cod qad  Q344 


 PROD cod corto   Q344 cod qad  Q344 


 PROD cod corto   Q344 cod qad  Q344 


 PROD cod corto   Q344 cod qad  Q344 


 PROD cod corto   Q345 cod qad  Q345 


 PROD cod corto   Q345 cod qad  Q345 


 PROD cod corto   Q345 cod qad  Q345 


 PROD cod corto   Q345 cod qad  Q345 


 PROD cod corto   Q345 cod qad  Q345 


 PROD cod corto   Q345 cod qad  Q345 


 PROD cod corto   Q524 cod qad  Q524 


 PROD cod corto   Q524 cod qad  Q524 


 PROD cod corto   Q524 cod qad  Q524 


 PROD cod corto   Q524 cod qad  Q524 


 PROD cod corto   Q524 cod qad  Q524 


 PROD cod corto   Q524 cod qad  Q524 


 PROD cod corto   Q527 cod qad  Q527 


 PROD cod corto   Q527 cod qad  Q527 


 PROD cod corto   Q527 cod qad  Q527 


 PROD cod corto   Q527 cod qad  Q527 


 PROD cod corto   Q527 cod qad  Q527 


 PROD cod corto   Q527 cod qad  Q527 


 PROD cod corto   Q527 cod qad  Q527 


 PROD cod corto   Q527 cod qad  Q527 


 PROD cod corto   Q527 cod qad  Q527 


 PROD cod corto   Q527 cod qad  Q527 


 PROD cod corto   Q527 cod qad  Q527 


 PROD cod corto   Q527 cod qad  Q527 


 PROD cod corto   Q533 cod qad  Q533 


 PROD cod corto   Q533 cod qad  Q533 


 PROD cod corto   Q533 cod qad  Q533 


 PROD cod corto   Q533 cod qad  Q533 


 PROD cod corto   Q533 cod qad  Q533 


 PROD cod corto   Q533 cod qad  Q533 


 PROD cod corto   Q635 cod qad  Q635 


 PROD cod corto   Q635 cod qad  Q635 


 PROD cod corto   Q635 cod qad  Q635 


 PROD cod corto   Q635 cod qad  Q635 


 PROD cod corto   Q635 cod qad  Q635 


 PROD cod corto   Q635 cod qad  Q635 


 PROD cod corto   Q635 cod qad  Q635 


 PROD cod corto   Q635 cod qad  Q635 


 PROD cod corto   Q635 cod qad  Q635 


 PROD cod corto   Q635 cod qad  Q635 


 PROD cod corto   Q635 cod qad  Q635 


 PROD cod corto   Q635 cod qad  Q635 


 PROD cod corto   Q636 cod qad  Q636 


 PROD cod corto   Q636 cod qad  Q636 


 PROD cod corto   Q636 cod qad  Q636 


 PROD cod corto   Q636 cod qad  Q636 


 PROD cod corto   Q636 cod qad  Q636 


 PROD cod corto   Q636 cod qad  Q636 


 PROD cod corto   Q636 cod qad  Q636 


 PROD cod corto   Q636 cod qad  Q636 


 PROD cod corto   Q636 cod qad  Q636 


 PROD cod corto   Q636 cod qad  Q636 


 PROD cod corto   Q636 cod qad  Q636 


 PROD cod corto   Q636 cod qad  Q636 


 PROD cod corto   Q637 cod qad  Q637 


 PROD cod corto   Q637 cod qad  Q637 


 PROD cod corto   Q637 cod qad  Q637 


 PROD cod corto   Q637 cod qad  Q637 


 PROD cod corto   Q637 cod qad  Q637 


 PROD cod corto   Q637 cod qad  Q637 


 PROD cod corto   Q638 cod qad  Q638 


 PROD cod corto   Q638 cod qad  Q638 


 PROD cod corto   Q638 cod qad  Q638 


 PROD cod corto   Q638 cod qad  Q638 


 PROD cod corto   Q638 cod qad  Q638 


 PROD cod corto   Q638 cod qad  Q638 


 PROD cod corto   Q639 cod qad  Q639 


 PROD cod corto   Q639 cod qad  Q639 


 PROD cod corto   Q639 cod qad  Q639 


 PROD cod corto   Q639 cod qad  Q639 


 PROD cod corto   Q639 cod qad  Q639 


 PROD cod corto   Q639 cod qad  Q639 


 PROD cod corto   Q640 cod qad  Q640 


 PROD cod corto   Q640 cod qad  Q640 


 PROD cod corto   Q640 cod qad  Q640 


 PROD cod corto   Q640 cod qad  Q640 


 PROD cod corto   Q640 cod qad  Q640 


 PROD cod corto   Q640 cod qad  Q640 


 PROD cod corto   Q640 cod qad  Q640 


 PROD cod corto   Q640 cod qad  Q640 


 PROD cod corto   Q640 cod qad  Q640 


 PROD cod corto   Q640 cod qad  Q640 


 PROD cod corto   Q640 cod qad  Q640 


 PROD cod corto   Q640 cod qad  Q640 


 PROD cod corto   Q641 cod qad  Q641 


 PROD cod corto   Q641 cod qad  Q641 


 PROD cod corto   Q641 cod qad  Q641 


 PROD cod corto   Q641 cod qad  Q641 


 PROD cod corto   Q641 cod qad  Q641 


 PROD cod corto   Q641 cod qad  Q641 


 PROD cod corto   Q642 cod qad  Q642 


 PROD cod corto   Q642 cod qad  Q642 


 PROD cod corto   Q642 cod qad  Q642 


 PROD cod corto   Q642 cod qad  Q642 


 PROD cod corto   Q642 cod qad  Q642 


 PROD cod corto   Q642 cod qad  Q642 


 PROD cod corto   Q642 cod qad  Q642 


 PROD cod corto   Q642 cod qad  Q642 


 PROD cod corto   Q642 cod qad  Q642 


 PROD cod corto   Q642 cod qad  Q642 


 PROD cod corto   Q642 cod qad  Q642 


 PROD cod corto   Q642 cod qad  Q642 


 PROD cod corto   Q643 cod qad  Q643 


 PROD cod corto   Q643 cod qad  Q643 


 PROD cod corto   Q643 cod qad  Q643 


 PROD cod corto   Q643 cod qad  Q643 


 PROD cod corto   Q643 cod qad  Q643 


 PROD cod corto   Q643 cod qad  Q643 


 PROD cod corto   Q644 cod qad  Q644 


 PROD cod corto   Q644 cod qad  Q644 


 PROD cod corto   Q644 cod qad  Q644 


 PROD cod corto   Q644 cod qad  Q644 


 PROD cod corto   Q644 cod qad  Q644 


 PROD cod corto   Q644 cod qad  Q644 


 PROD cod corto   Q644 cod qad  Q644 


 PROD cod corto   Q644 cod qad  Q644 


 PROD cod corto   Q644 cod qad  Q644 


 PROD cod corto   Q644 cod qad  Q644 


 PROD cod corto   Q644 cod qad  Q644 


 PROD cod corto   Q644 cod qad  Q644 


 PROD cod corto   Q645 cod qad  Q645 


 PROD cod corto   Q645 cod qad  Q645 


 PROD cod corto   Q645 cod qad  Q645 


 PROD cod corto   Q645 cod qad  Q645 


 PROD cod corto   Q645 cod qad  Q645 


 PROD cod corto   Q645 cod qad  Q645 


 PROD cod corto   Q645 cod qad  Q645 


 PROD cod corto   Q645 cod qad  Q645 


 PROD cod corto   Q645 cod qad  Q645 


 PROD cod corto   Q645 cod qad  Q645 


 PROD cod corto   Q645 cod qad  Q645 


 PROD cod corto   Q645 cod qad  Q645 


 PROD cod corto   Q646 cod qad  Q646 


 PROD cod corto   Q646 cod qad  Q646 


 PROD cod corto   Q646 cod qad  Q646 


 PROD cod corto   Q646 cod qad  Q646 


 PROD cod corto   Q646 cod qad  Q646 


 PROD cod corto   Q646 cod qad  Q646 


 PROD cod corto   Q647 cod qad  Q647 


 PROD cod corto   Q647 cod qad  Q647 


 PROD cod corto   Q647 cod qad  Q647 


 PROD cod corto   Q647 cod qad  Q647 


 PROD cod corto   Q647 cod qad  Q647 


 PROD cod corto   Q647 cod qad  Q647 


 PROD cod corto   Q648 cod qad  Q648 


 PROD cod corto   Q648 cod qad  Q648 


 PROD cod corto   Q648 cod qad  Q648 


 PROD cod corto   Q648 cod qad  Q648 


 PROD cod corto   Q648 cod qad  Q648 


 PROD cod corto   Q648 cod qad  Q648 


 PROD cod corto   Q649 cod qad  Q649 


 PROD cod corto   Q649 cod qad  Q649 


 PROD cod corto   Q649 cod qad  Q649 


 PROD cod corto   Q649 cod qad  Q649 


 PROD cod corto   Q649 cod qad  Q649 


 PROD cod corto   Q649 cod qad  Q649 


 PROD cod corto   Q650 cod qad  Q650 


 PROD cod corto   Q650 cod qad  Q650 


 PROD cod corto   Q650 cod qad  Q650 


 PROD cod corto   Q650 cod qad  Q650 


 PROD cod corto   Q650 cod qad  Q650 


 PROD cod corto   Q650 cod qad  Q650 


 PROD cod corto   q651 cod qad  q651 


 PROD cod corto   q651 cod qad  q651 


 PROD cod corto   q651 cod qad  q651 


 PROD cod corto   q651 cod qad  q651 


 PROD cod corto   q651 cod qad  q651 


 PROD cod corto   q651 cod qad  q651 


 PROD cod corto   Q651 cod qad  Q651 


 PROD cod corto   Q651 cod qad  Q651 


 PROD cod corto   Q651 cod qad  Q651 


 PROD cod corto   Q651 cod qad  Q651 


 PROD cod corto   Q651 cod qad  Q651 


 PROD cod corto   Q651 cod qad  Q651 


 PROD cod corto   Q652 cod qad  Q652 


 PROD cod corto   Q652 cod qad  Q652 


 PROD cod corto   Q652 cod qad  Q652 


 PROD cod corto   Q652 cod qad  Q652 


 PROD cod corto   Q652 cod qad  Q652 


 PROD cod corto   Q652 cod qad  Q652 


 PROD cod corto   Q652 cod qad  Q652 


 PROD cod corto   Q652 cod qad  Q652 


 PROD cod corto   Q652 cod qad  Q652 


 PROD cod corto   Q652 cod qad  Q652 


 PROD cod corto   Q652 cod qad  Q652 


 PROD cod corto   Q652 cod qad  Q652 


 PROD cod corto   Q652 cod qad  Q652 


 PROD cod corto   Q652 cod qad  Q652 


 PROD cod corto   Q652 cod qad  Q652 


 PROD cod corto   Q652 cod qad  Q652 


 PROD cod corto   Q652 cod qad  Q652 


 PROD cod corto   Q652 cod qad  Q652 


 PROD cod corto   Q653 cod qad  Q653 


 PROD cod corto   Q653 cod qad  Q653 


 PROD cod corto   Q653 cod qad  Q653 


 PROD cod corto   Q653 cod qad  Q653 


 PROD cod corto   Q653 cod qad  Q653 


 PROD cod corto   Q653 cod qad  Q653 


 PROD cod corto   Q653 cod qad  Q653 


 PROD cod corto   Q653 cod qad  Q653 


 PROD cod corto   Q653 cod qad  Q653 


 PROD cod corto   Q653 cod qad  Q653 


 PROD cod corto   Q653 cod qad  Q653 


 PROD cod corto   Q653 cod qad  Q653 


 PROD cod corto   Q745 cod qad  Q745 


 PROD cod corto   Q745 cod qad  Q745 


 PROD cod corto   Q745 cod qad  Q745 


 PROD cod corto   Q745 cod qad  Q745 


 PROD cod corto   Q745 cod qad  Q745 


 PROD cod corto   Q745 cod qad  Q745 


 PROD cod corto   Q746 cod qad  Q746 


 PROD cod corto   Q746 cod qad  Q746 


 PROD cod corto   Q746 cod qad  Q746 


 PROD cod corto   Q746 cod qad  Q746 


 PROD cod corto   Q746 cod qad  Q746 


 PROD cod corto   Q746 cod qad  Q746 


 PROD cod corto   X310 cod qad  X310 


 PROD cod corto   X310 cod qad  X310 


 PROD cod corto   X310 cod qad  X310 


 PROD cod corto   X310 cod qad  X310 


 PROD cod corto   X310 cod qad  X310 


 PROD cod corto   X310 cod qad  X310 


 PROD cod corto   X310 cod qad  X310 


 PROD cod corto   X310 cod qad  X310 


 PROD cod corto   X310 cod qad  X310 


 PROD cod corto   X310 cod qad  X310 


 PROD cod corto   X310 cod qad  X310 


 PROD cod corto   X310 cod qad  X310 


 PROD cod corto   X312 cod qad  X312 


 PROD cod corto   X312 cod qad  X312 


 PROD cod corto   X312 cod qad  X312 


 PROD cod corto   X312 cod qad  X312 


 PROD cod corto   X312 cod qad  X312 


 PROD cod corto   X312 cod qad  X312 


 PROD cod corto   X314 cod qad  X314 


 PROD cod corto   X314 cod qad  X314 


 PROD cod corto   X314 cod qad  X314 


 PROD cod corto   X314 cod qad  X314 


 PROD cod corto   X314 cod qad  X314 


 PROD cod corto   X314 cod qad  X314 


 PROD cod corto   X315 cod qad  X315 


 PROD cod corto   X315 cod qad  X315 


 PROD cod corto   X315 cod qad  X315 


 PROD cod corto   X315 cod qad  X315 


 PROD cod corto   X315 cod qad  X315 


 PROD cod corto   X315 cod qad  X315 


 PROD cod corto   X315 cod qad  X315 


 PROD cod corto   X315 cod qad  X315 


 PROD cod corto   X315 cod qad  X315 


 PROD cod corto   X315 cod qad  X315 


 PROD cod corto   X315 cod qad  X315 


 PROD cod corto   X315 cod qad  X315 


 PROD cod corto   X318 cod qad  X318 


 PROD cod corto   X318 cod qad  X318 


 PROD cod corto   X318 cod qad  X318 


 PROD cod corto   X318 cod qad  X318 


 PROD cod corto   X318 cod qad  X318 


 PROD cod corto   X318 cod qad  X318 


 PROD cod corto   X318 cod qad  X318 


 PROD cod corto   X318 cod qad  X318 


 PROD cod corto   X318 cod qad  X318 


 PROD cod corto   X318 cod qad  X318 


 PROD cod corto   X318 cod qad  X318 


 PROD cod corto   X318 cod qad  X318 


 PROD cod corto   X320 cod qad  X320 


 PROD cod corto   X320 cod qad  X320 


 PROD cod corto   X320 cod qad  X320 


 PROD cod corto   X320 cod qad  X320 


 PROD cod corto   X320 cod qad  X320 


 PROD cod corto   X320 cod qad  X320 


 PROD cod corto   X328 cod qad  X328 


 PROD cod corto   X328 cod qad  X328 


 PROD cod corto   X328 cod qad  X328 


 PROD cod corto   X328 cod qad  X328 


 PROD cod corto   X328 cod qad  X328 


 PROD cod corto   X328 cod qad  X328 


 PROD cod corto   X333 cod qad  X333 


 PROD cod corto   X333 cod qad  X333 


 PROD cod corto   X333 cod qad  X333 


 PROD cod corto   X333 cod qad  X333 


 PROD cod corto   X333 cod qad  X333 


 PROD cod corto   X333 cod qad  X333 


 PROD cod corto   X337 cod qad  X337 


 PROD cod corto   X337 cod qad  X337 


 PROD cod corto   X337 cod qad  X337 


 PROD cod corto   X337 cod qad  X337 


 PROD cod corto   X337 cod qad  X337 


 PROD cod corto   X337 cod qad  X337 


 PROD cod corto   X338 cod qad  X338 


 PROD cod corto   X338 cod qad  X338 


 PROD cod corto   X338 cod qad  X338 


 PROD cod corto   X338 cod qad  X338 


 PROD cod corto   X338 cod qad  X338 


 PROD cod corto   X338 cod qad  X338 


 PROD cod corto   X352 cod qad  X352 


 PROD cod corto   X352 cod qad  X352 


 PROD cod corto   X352 cod qad  X352 


 PROD cod corto   X352 cod qad  X352 


 PROD cod corto   X352 cod qad  X352 


 PROD cod corto   X352 cod qad  X352 


 PROD cod corto   X353 cod qad  X353 


 PROD cod corto   X353 cod qad  X353 


 PROD cod corto   X353 cod qad  X353 


 PROD cod corto   X353 cod qad  X353 


 PROD cod corto   X353 cod qad  X353 


 PROD cod corto   X353 cod qad  X353 


 PROD cod corto   X354 cod qad  X354 


 PROD cod corto   X354 cod qad  X354 


 PROD cod corto   X354 cod qad  X354 


 PROD cod corto   X354 cod qad  X354 


 PROD cod corto   X354 cod qad  X354 


 PROD cod corto   X354 cod qad  X354 


 PROD cod corto   X354 cod qad  X354 


 PROD cod corto   X354 cod qad  X354 


 PROD cod corto   X354 cod qad  X354 


 PROD cod corto   X354 cod qad  X354 


 PROD cod corto   X354 cod qad  X354 


 PROD cod corto   X354 cod qad  X354 


 PROD cod corto   X355 cod qad  X355 


 PROD cod corto   X355 cod qad  X355 


 PROD cod corto   X355 cod qad  X355 


 PROD cod corto   X355 cod qad  X355 


 PROD cod corto   X355 cod qad  X355 


 PROD cod corto   X355 cod qad  X355 


 PROD cod corto   X356 cod qad  X356 


 PROD cod corto   X356 cod qad  X356 


 PROD cod corto   X356 cod qad  X356 


 PROD cod corto   X356 cod qad  X356 


 PROD cod corto   X356 cod qad  X356 


 PROD cod corto   X356 cod qad  X356 


 PROD cod corto   X374 cod qad  X374 


 PROD cod corto   X374 cod qad  X374 


 PROD cod corto   X374 cod qad  X374 


 PROD cod corto   X374 cod qad  X374 


 PROD cod corto   X374 cod qad  X374 


 PROD cod corto   X374 cod qad  X374 


 PROD cod corto   X376 cod qad  X376 


 PROD cod corto   X376 cod qad  X376 


 PROD cod corto   X376 cod qad  X376 


 PROD cod corto   X376 cod qad  X376 


 PROD cod corto   X376 cod qad  X376 


 PROD cod corto   X376 cod qad  X376 


 PROD cod corto   X377 cod qad  X377 


 PROD cod corto   X377 cod qad  X377 


 PROD cod corto   X377 cod qad  X377 


 PROD cod corto   X377 cod qad  X377 


 PROD cod corto   X377 cod qad  X377 


 PROD cod corto   X377 cod qad  X377 


 PROD cod corto   X380 cod qad  X380 


 PROD cod corto   X380 cod qad  X380 


 PROD cod corto   X380 cod qad  X380 


 PROD cod corto   X380 cod qad  X380 


 PROD cod corto   X380 cod qad  X380 


 PROD cod corto   X380 cod qad  X380 


 PROD cod corto   X381 cod qad  X381 


 PROD cod corto   X381 cod qad  X381 


 PROD cod corto   X381 cod qad  X381 


 PROD cod corto   X381 cod qad  X381 


 PROD cod corto   X381 cod qad  X381 


 PROD cod corto   X381 cod qad  X381 


 PROD cod corto   X381 cod qad  X381 


 PROD cod corto   X381 cod qad  X381 


 PROD cod corto   X381 cod qad  X381 


 PROD cod corto   X381 cod qad  X381 


 PROD cod corto   X381 cod qad  X381 


 PROD cod corto   X381 cod qad  X381 


 PROD cod corto   X386 cod qad  X386 


 PROD cod corto   X386 cod qad  X386 


 PROD cod corto   X386 cod qad  X386 


 PROD cod corto   X386 cod qad  X386 


 PROD cod corto   X386 cod qad  X386 


 PROD cod corto   X386 cod qad  X386 


 PROD cod corto   X396 cod qad  X396 


 PROD cod corto   X396 cod qad  X396 


 PROD cod corto   X396 cod qad  X396 


 PROD cod corto   X396 cod qad  X396 


 PROD cod corto   X396 cod qad  X396 


 PROD cod corto   X396 cod qad  X396 


 PROD cod corto   X398 cod qad  X398 


 PROD cod corto   X398 cod qad  X398 


 PROD cod corto   X398 cod qad  X398 


 PROD cod corto   X398 cod qad  X398 


 PROD cod corto   X398 cod qad  X398 


 PROD cod corto   X398 cod qad  X398 


 PROD cod corto   X401 cod qad  X401 


 PROD cod corto   X401 cod qad  X401 


 PROD cod corto   X401 cod qad  X401 


 PROD cod corto   X401 cod qad  X401 


 PROD cod corto   X401 cod qad  X401 


 PROD cod corto   X401 cod qad  X401 


 PROD cod corto   2959 cod qad  2959 

